Using pre-set license
Built from '2020.3/staging' branch; Version is '2020.3.30f1 (1fb1bf06830e) revision 2077119'; Using compiler version '192528614'; Build Type 'Release'
OS: 'Windows 10  (10.0.19044) 64bit Core' Language: 'ko' Physical Memory: 7901 MB
BatchMode: 1, IsHumanControllingUs: 0, StartBugReporterOnCrash: 0, Is64bit: 1, IsPro: 0

COMMAND LINE ARGUMENTS:
C:\Program Files\Unity\Hub\Editor\2020.3.30f1\Editor\Unity.exe
-adb2
-batchMode
-noUpm
-name
AssetImportWorker0
-projectPath
C:/UnityProject/SHJ
-logFile
Logs/AssetImportWorker0.log
-srvPort
54388
Successfully changed project path to: C:/UnityProject/SHJ
C:/UnityProject/SHJ
Using Asset Import Pipeline V2.
Refreshing native plugins compatible for Editor in 101.81 ms, found 2 plugins.
Preloading 0 native plugins for Editor in 0.00 ms.
Initialize engine version: 2020.3.30f1 (1fb1bf06830e)
[Subsystems] Discovering subsystems at path C:/Program Files/Unity/Hub/Editor/2020.3.30f1/Editor/Data/Resources/UnitySubsystems
[Subsystems] Discovering subsystems at path C:/UnityProject/SHJ/Assets
GfxDevice: creating device client; threaded=0
Direct3D:
    Version:  Direct3D 11.0 [level 11.1]
    Renderer: Intel(R) Iris(R) Plus Graphics (ID=0x8a52)
    Vendor:   
    VRAM:     3950 MB
    Driver:   27.20.100.9510
Initialize mono
Mono path[0] = 'C:/Program Files/Unity/Hub/Editor/2020.3.30f1/Editor/Data/Managed'
Mono path[1] = 'C:/Program Files/Unity/Hub/Editor/2020.3.30f1/Editor/Data/MonoBleedingEdge/lib/mono/unityjit'
Mono config path = 'C:/Program Files/Unity/Hub/Editor/2020.3.30f1/Editor/Data/MonoBleedingEdge/etc'
Using monoOptions --debugger-agent=transport=dt_socket,embedding=1,server=y,suspend=n,address=127.0.0.1:56040
Begin MonoManager ReloadAssembly
Registering precompiled unity dll's ...
Register platform support module: C:/Program Files/Unity/Hub/Editor/2020.3.30f1/Editor/Data/PlaybackEngines/WindowsStandaloneSupport/UnityEditor.WindowsStandalone.Extensions.dll
Registered in 0.005297 seconds.
Native extension for WindowsStandalone target not found
Refreshing native plugins compatible for Editor in 114.78 ms, found 2 plugins.
Preloading 0 native plugins for Editor in 0.00 ms.
Mono: successfully reloaded assembly
- Completed reload, in  1.579 seconds
Domain Reload Profiling:
	ReloadAssembly (1579ms)
		BeginReloadAssembly (173ms)
			ExecutionOrderSort (0ms)
			DisableScriptedObjects (0ms)
			BackupInstance (0ms)
			ReleaseScriptingObjects (0ms)
			CreateAndSetChildDomain (3ms)
		EndReloadAssembly (1229ms)
			LoadAssemblies (166ms)
			RebuildTransferFunctionScriptingTraits (0ms)
			SetupTypeCache (351ms)
			ReleaseScriptCaches (0ms)
			RebuildScriptCaches (110ms)
			SetupLoadedEditorAssemblies (465ms)
				LogAssemblyErrors (0ms)
				InitializePlatformSupportModulesInManaged (14ms)
				SetLoadedEditorAssemblies (1ms)
				RefreshPlugins (115ms)
				BeforeProcessingInitializeOnLoad (44ms)
				ProcessInitializeOnLoadAttributes (185ms)
				ProcessInitializeOnLoadMethodAttributes (106ms)
				AfterProcessingInitializeOnLoad (0ms)
				EditorAssembliesLoaded (0ms)
			ExecutionOrderSort2 (0ms)
			AwakeInstancesAfterBackupRestoration (0ms)
Platform modules already initialized, skipping
Registering precompiled user dll's ...
Registered in 0.008072 seconds.
Begin MonoManager ReloadAssembly
Native extension for WindowsStandalone target not found
Refreshing native plugins compatible for Editor in 0.68 ms, found 2 plugins.
Preloading 0 native plugins for Editor in 0.00 ms.
Mono: successfully reloaded assembly
- Completed reload, in  2.330 seconds
Domain Reload Profiling:
	ReloadAssembly (2332ms)
		BeginReloadAssembly (354ms)
			ExecutionOrderSort (0ms)
			DisableScriptedObjects (10ms)
			BackupInstance (0ms)
			ReleaseScriptingObjects (0ms)
			CreateAndSetChildDomain (39ms)
		EndReloadAssembly (1835ms)
			LoadAssemblies (243ms)
			RebuildTransferFunctionScriptingTraits (0ms)
			SetupTypeCache (592ms)
			ReleaseScriptCaches (1ms)
			RebuildScriptCaches (98ms)
			SetupLoadedEditorAssemblies (729ms)
				LogAssemblyErrors (0ms)
				InitializePlatformSupportModulesInManaged (11ms)
				SetLoadedEditorAssemblies (1ms)
				RefreshPlugins (1ms)
				BeforeProcessingInitializeOnLoad (178ms)
				ProcessInitializeOnLoadAttributes (500ms)
				ProcessInitializeOnLoadMethodAttributes (20ms)
				AfterProcessingInitializeOnLoad (18ms)
				EditorAssembliesLoaded (1ms)
			ExecutionOrderSort2 (0ms)
			AwakeInstancesAfterBackupRestoration (17ms)
Platform modules already initialized, skipping
========================================================================
Worker process is ready to serve import requests
Launched and connected shader compiler UnityShaderCompiler.exe after 0.16 seconds
Refreshing native plugins compatible for Editor in 0.46 ms, found 2 plugins.
Preloading 0 native plugins for Editor in 0.00 ms.
Unloading 1513 Unused Serialized files (Serialized files now loaded: 0)
System memory in use before: 94.9 MB.
System memory in use after: 94.9 MB.

Unloading 16 unused Assets to reduce memory usage. Loaded Objects now: 1989.
Total: 5.570900 ms (FindLiveObjects: 0.198500 ms CreateObjectMapping: 0.069000 ms MarkObjects: 4.985400 ms  DeleteObjects: 0.315500 ms)

AssetImportParameters requested are different than current active one (requested -> active):
  custom:framework-win-MediaFoundation: 216162199b28c13a410421893ffa2e32 -> 
  custom:video-decoder-ogg-theora: a1e56fd34408186e4bbccfd4996cb3dc -> 
  custom:container-muxer-webm: aa71ff27fc2769a1b78a27578f13a17b -> 
  custom:container-demuxer-webm: 4f35f7cbe854078d1ac9338744f61a02 -> 
  custom:container-demuxer-ogg: 62fdf1f143b41e24485cea50d1cbac27 -> 
  custom:video-encoder-webm-vp8: eb34c28f22e8b96e1ab97ce403110664 -> 
  custom:video-decoder-webm-vp8: 9c59270c3fd7afecdb556c50c9e8de78 -> 
  custom:audio-decoder-ogg-vorbis: bf7c407c2cedff20999df2af8eb42d56 -> 
  custom:audio-encoder-webm-vorbis: bf7c407c2cedff20999df2af8eb42d56 -> 
========================================================================
Received Import Request.
  path: Assets/Scenes/mainScene.unity
  artifactKey: Guid(cef1a75838681014b8096ff725f119c1) Importer(815301076,1909f56bfc062723c751e8b465ee728b)
Start importing Assets/Scenes/mainScene.unity using Guid(cef1a75838681014b8096ff725f119c1) Importer(815301076,1909f56bfc062723c751e8b465ee728b)  -> (artifact id: 'fc7a8b578b42b29ca9a269c3bad8082c') in 0.039077 seconds 
========================================================================
Received Import Request.
  Time since last request: 27.706192 seconds.
  path: Assets/_TerrainAutoUpgrade/layer_Groundplants 1_DGroundplants 1_N2023054508611406.terrainlayer
  artifactKey: Guid(eab849f1d41b57e429b5cb6ec9d5cd49) Importer(815301076,1909f56bfc062723c751e8b465ee728b)
Start importing Assets/_TerrainAutoUpgrade/layer_Groundplants 1_DGroundplants 1_N2023054508611406.terrainlayer using Guid(eab849f1d41b57e429b5cb6ec9d5cd49) Importer(815301076,1909f56bfc062723c751e8b465ee728b)  -> (artifact id: '8ed79e3b91727d09c4302a0e143082aa') in 0.214456 seconds 
========================================================================
Received Import Request.
  Time since last request: 0.000444 seconds.
  path: Assets/_TerrainAutoUpgrade/layer_RockSharp 1_DRockSharp 1_N793646612c42751.terrainlayer
  artifactKey: Guid(e6c5f3ea25707664ab26c544d336a006) Importer(815301076,1909f56bfc062723c751e8b465ee728b)
Start importing Assets/_TerrainAutoUpgrade/layer_RockSharp 1_DRockSharp 1_N793646612c42751.terrainlayer using Guid(e6c5f3ea25707664ab26c544d336a006) Importer(815301076,1909f56bfc062723c751e8b465ee728b)  -> (artifact id: 'c49564d375a25ba8277d2462c61650ea') in 0.062712 seconds 
========================================================================
Received Import Request.
  Time since last request: 7.735352 seconds.
  path: Assets/ADG_Textures/ground_vol1/ground3
  artifactKey: Guid(b22288eee5508544f802000ed94bcf19) Importer(815301076,1909f56bfc062723c751e8b465ee728b)
Start importing Assets/ADG_Textures/ground_vol1/ground3 using Guid(b22288eee5508544f802000ed94bcf19) Importer(815301076,1909f56bfc062723c751e8b465ee728b)  -> (artifact id: 'a6c2f6cf305ebd2d228a3ec6f450a2ec') in 0.025653 seconds 
========================================================================
Received Import Request.
  Time since last request: 8.798075 seconds.
  path: Assets/ADG_Textures/ground_vol1/ground5
  artifactKey: Guid(d1a8b78328ed6b042878b34c4c0fd018) Importer(815301076,1909f56bfc062723c751e8b465ee728b)
Start importing Assets/ADG_Textures/ground_vol1/ground5 using Guid(d1a8b78328ed6b042878b34c4c0fd018) Importer(815301076,1909f56bfc062723c751e8b465ee728b)  -> (artifact id: 'c63b0f9007e18362c45a25b1741545c7') in 0.026817 seconds 
========================================================================
Received Import Request.
  Time since last request: 36.777698 seconds.
  path: Assets/ADG_Textures/Demo
  artifactKey: Guid(9c09176f032ecf146a1803fdfbeb1c2f) Importer(815301076,1909f56bfc062723c751e8b465ee728b)
Start importing Assets/ADG_Textures/Demo using Guid(9c09176f032ecf146a1803fdfbeb1c2f) Importer(815301076,1909f56bfc062723c751e8b465ee728b)  -> (artifact id: 'eccf92ab8c5a8091677c273376146786') in 0.018357 seconds 
========================================================================
Received Import Request.
  Time since last request: 42.323392 seconds.
  path: Assets/AllSkyFree/Epic_BlueSunset
  artifactKey: Guid(6eb09a1750d2d4f609c0e79b804a9f3e) Importer(815301076,1909f56bfc062723c751e8b465ee728b)
Start importing Assets/AllSkyFree/Epic_BlueSunset using Guid(6eb09a1750d2d4f609c0e79b804a9f3e) Importer(815301076,1909f56bfc062723c751e8b465ee728b)  -> (artifact id: 'dd1fce43f6763c833572ff8f88c24521') in 0.017872 seconds 
========================================================================
Received Import Request.
  Time since last request: 1.592683 seconds.
  path: Assets/AllSkyFree/Epic_GloriousPink
  artifactKey: Guid(edc1859f6d31046c9936ffb1609fabeb) Importer(815301076,1909f56bfc062723c751e8b465ee728b)
Start importing Assets/AllSkyFree/Epic_GloriousPink using Guid(edc1859f6d31046c9936ffb1609fabeb) Importer(815301076,1909f56bfc062723c751e8b465ee728b)  -> (artifact id: 'f72dd7f6de18f5c662fab3c849a08f7c') in 0.025544 seconds 
========================================================================
Received Import Request.
  Time since last request: 3.096895 seconds.
  path: Assets/AllSkyFree/Night MoonBurst
  artifactKey: Guid(26e352704e0b94af78a547c6d44125d9) Importer(815301076,1909f56bfc062723c751e8b465ee728b)
Start importing Assets/AllSkyFree/Night MoonBurst using Guid(26e352704e0b94af78a547c6d44125d9) Importer(815301076,1909f56bfc062723c751e8b465ee728b)  -> (artifact id: 'c0d94f936a54294b8a8ea7f407aa995a') in 0.020387 seconds 
========================================================================
Received Import Request.
  Time since last request: 12.894456 seconds.
  path: Assets/AllSkyFree/Overcast Low
  artifactKey: Guid(63e1d590517f54841ad8cf519edf1256) Importer(815301076,1909f56bfc062723c751e8b465ee728b)
Start importing Assets/AllSkyFree/Overcast Low using Guid(63e1d590517f54841ad8cf519edf1256) Importer(815301076,1909f56bfc062723c751e8b465ee728b)  -> (artifact id: 'c7e72498eaf6be9440759d085e23f504') in 0.020717 seconds 
========================================================================
Received Import Request.
  Time since last request: 0.032096 seconds.
  path: Assets/AllSkyFree/Overcast Low/Sky_AllSky_Overcast4_Low_Cam_0_Front+Z.png
  artifactKey: Guid(402fe3aa91fba453f92dd3bbe820dbd9) Importer(815301076,1909f56bfc062723c751e8b465ee728b)
Start importing Assets/AllSkyFree/Overcast Low/Sky_AllSky_Overcast4_Low_Cam_0_Front+Z.png using Guid(402fe3aa91fba453f92dd3bbe820dbd9) Importer(815301076,1909f56bfc062723c751e8b465ee728b)  -> (artifact id: '3d91833663cef788a65e7d1f5c24ebf7') in 0.207474 seconds 
========================================================================
Received Import Request.
  Time since last request: 0.000690 seconds.
  path: Assets/AllSkyFree/Overcast Low/Sky_AllSky_Overcast4_Low_Cam_1_Back-Z.png
  artifactKey: Guid(4efb8fd75703d43cab6f01b240a7c945) Importer(815301076,1909f56bfc062723c751e8b465ee728b)
Start importing Assets/AllSkyFree/Overcast Low/Sky_AllSky_Overcast4_Low_Cam_1_Back-Z.png using Guid(4efb8fd75703d43cab6f01b240a7c945) Importer(815301076,1909f56bfc062723c751e8b465ee728b)  -> (artifact id: '219fc1a42d51d8c7be377e33d6997238') in 0.069676 seconds 
========================================================================
Received Import Request.
  Time since last request: 4.221099 seconds.
  path: Assets/AllSkyFree/Space_AnotherPlanet
  artifactKey: Guid(5aa7b9311704b43fa88e82c5ec3baa46) Importer(815301076,1909f56bfc062723c751e8b465ee728b)
Start importing Assets/AllSkyFree/Space_AnotherPlanet using Guid(5aa7b9311704b43fa88e82c5ec3baa46) Importer(815301076,1909f56bfc062723c751e8b465ee728b)  -> (artifact id: '2636d9db294a688ef6d607a97a46fb0f') in 0.027995 seconds 
========================================================================
Received Import Request.
  Time since last request: 3.531730 seconds.
  path: Assets/AllSkyFree/_AllSkyFree_Documentation.pdf
  artifactKey: Guid(f6f10bad0f589486893b6f1b8f9fdeb4) Importer(815301076,1909f56bfc062723c751e8b465ee728b)
Start importing Assets/AllSkyFree/_AllSkyFree_Documentation.pdf using Guid(f6f10bad0f589486893b6f1b8f9fdeb4) Importer(815301076,1909f56bfc062723c751e8b465ee728b)  -> (artifact id: '21c0129bb60655d5dd2ceef479403c5b') in 0.039399 seconds 
========================================================================
Received Import Request.
  Time since last request: 35.208990 seconds.
  path: Assets/Grass And Flowers Pack 1/New Material.mat
  artifactKey: Guid(a26f2b8bd30626c4e9124f0f380c4e70) Importer(815301076,1909f56bfc062723c751e8b465ee728b)
Start importing Assets/Grass And Flowers Pack 1/New Material.mat using Guid(a26f2b8bd30626c4e9124f0f380c4e70) Importer(815301076,1909f56bfc062723c751e8b465ee728b)  -> (artifact id: '77237315a96270fa0f60cf958865c0c6') in 0.162136 seconds 
========================================================================
Received Import Request.
  Time since last request: 27.904215 seconds.
  path: Assets/Handpainted_Grass_and_Ground_Textures/Textures/Dirt/dirt_claydarked
  artifactKey: Guid(54a71b9741e050b4881fd6f88e405e31) Importer(815301076,1909f56bfc062723c751e8b465ee728b)
Start importing Assets/Handpainted_Grass_and_Ground_Textures/Textures/Dirt/dirt_claydarked using Guid(54a71b9741e050b4881fd6f88e405e31) Importer(815301076,1909f56bfc062723c751e8b465ee728b)  -> (artifact id: '79a8e5691c0d09b118c5e469268997d9') in 0.024119 seconds 
========================================================================
Received Import Request.
  Time since last request: 33.366268 seconds.
  path: Assets/Handpainted_Grass_and_Ground_Textures/Demo/Demo.unity
  artifactKey: Guid(4c3e41e086e6a544e994a004465add6e) Importer(815301076,1909f56bfc062723c751e8b465ee728b)
Start importing Assets/Handpainted_Grass_and_Ground_Textures/Demo/Demo.unity using Guid(4c3e41e086e6a544e994a004465add6e) Importer(815301076,1909f56bfc062723c751e8b465ee728b)  -> (artifact id: 'c5312dc4e33768fb1d48f85f6bc6d8b2') in 0.021995 seconds 
========================================================================
Received Import Request.
  Time since last request: 5.186631 seconds.
  path: Assets/Low-Poly Weapons/Models
  artifactKey: Guid(5e84e48035c0c43f993a13161d4cd902) Importer(815301076,1909f56bfc062723c751e8b465ee728b)
Start importing Assets/Low-Poly Weapons/Models using Guid(5e84e48035c0c43f993a13161d4cd902) Importer(815301076,1909f56bfc062723c751e8b465ee728b)  -> (artifact id: '09905a4cc5f99bae3f452c7371b89c1e') in 0.027946 seconds 
========================================================================
Received Import Request.
  Time since last request: 15.815849 seconds.
  path: Assets/Low-Poly Weapons/Models/Materials
  artifactKey: Guid(1e246a66a60994d37a13380d39124149) Importer(815301076,1909f56bfc062723c751e8b465ee728b)
Start importing Assets/Low-Poly Weapons/Models/Materials using Guid(1e246a66a60994d37a13380d39124149) Importer(815301076,1909f56bfc062723c751e8b465ee728b)  -> (artifact id: 'c17aa65ad02f2c8865ec68bb88355ce9') in 0.026746 seconds 
========================================================================
Received Import Request.
  Time since last request: 0.056280 seconds.
  path: Assets/Low-Poly Weapons/Models/Materials/Potions.mat
  artifactKey: Guid(6b051bc964265438b9edf8fb79c57ccb) Importer(815301076,1909f56bfc062723c751e8b465ee728b)
Start importing Assets/Low-Poly Weapons/Models/Materials/Potions.mat using Guid(6b051bc964265438b9edf8fb79c57ccb) Importer(815301076,1909f56bfc062723c751e8b465ee728b)  -> (artifact id: 'b032d9ab4df790f2a27e0fb289bb7867') in 0.035602 seconds 
========================================================================
Received Import Request.
  Time since last request: 0.000613 seconds.
  path: Assets/Low-Poly Weapons/Models/Materials/Weapons.mat
  artifactKey: Guid(1c8657c6b5cdc4eb5bcac1968488b356) Importer(815301076,1909f56bfc062723c751e8b465ee728b)
Start importing Assets/Low-Poly Weapons/Models/Materials/Weapons.mat using Guid(1c8657c6b5cdc4eb5bcac1968488b356) Importer(815301076,1909f56bfc062723c751e8b465ee728b)  -> (artifact id: 'f43cf6d03d11c082b895c45905c9e306') in 0.057617 seconds 
========================================================================
Received Import Request.
  Time since last request: 19.899268 seconds.
  path: Assets/Low-Poly Weapons/Scenes
  artifactKey: Guid(ce04142318c514fd195ae0db6ca09636) Importer(815301076,1909f56bfc062723c751e8b465ee728b)
Start importing Assets/Low-Poly Weapons/Scenes using Guid(ce04142318c514fd195ae0db6ca09636) Importer(815301076,1909f56bfc062723c751e8b465ee728b)  -> (artifact id: '9a5df09fa324141ae633652a2d958600') in 0.017874 seconds 
========================================================================
Received Import Request.
  Time since last request: 1.273378 seconds.
  path: Assets/Low-Poly Weapons/Textures
  artifactKey: Guid(acade0fe5974645c799ac9a0aa02d8e7) Importer(815301076,1909f56bfc062723c751e8b465ee728b)
Start importing Assets/Low-Poly Weapons/Textures using Guid(acade0fe5974645c799ac9a0aa02d8e7) Importer(815301076,1909f56bfc062723c751e8b465ee728b)  -> (artifact id: '30a8bbce5bf35cdd8f4308d9d2a2ab8a') in 0.025609 seconds 
========================================================================
Received Import Request.
  Time since last request: 0.028663 seconds.
  path: Assets/Low-Poly Weapons/Textures/Potions.tif
  artifactKey: Guid(33717b16713914784b0db03854ccfa16) Importer(815301076,1909f56bfc062723c751e8b465ee728b)
Start importing Assets/Low-Poly Weapons/Textures/Potions.tif using Guid(33717b16713914784b0db03854ccfa16) Importer(815301076,1909f56bfc062723c751e8b465ee728b)  -> (artifact id: '81446029ad9495a1b06a767d58ab6ef6') in 0.081584 seconds 
========================================================================
Received Import Request.
  Time since last request: 23.244103 seconds.
  path: Assets/MenuBoard/Doc
  artifactKey: Guid(801e003be59fcf84aac50c778a1f5353) Importer(815301076,1909f56bfc062723c751e8b465ee728b)
Start importing Assets/MenuBoard/Doc using Guid(801e003be59fcf84aac50c778a1f5353) Importer(815301076,1909f56bfc062723c751e8b465ee728b)  -> (artifact id: 'd417d968e9d4ab7fdfb98c27f7747c73') in 0.018089 seconds 
========================================================================
Received Import Request.
  Time since last request: 0.394852 seconds.
  path: Assets/MenuBoard/Font
  artifactKey: Guid(59fcb6892ddbba04091e6a8c61f7b44c) Importer(815301076,1909f56bfc062723c751e8b465ee728b)
Start importing Assets/MenuBoard/Font using Guid(59fcb6892ddbba04091e6a8c61f7b44c) Importer(815301076,1909f56bfc062723c751e8b465ee728b)  -> (artifact id: '8d465025b9d0dc9f7a6140f35eb038ee') in 0.018415 seconds 
========================================================================
Received Import Request.
  Time since last request: 8.251605 seconds.
  path: Assets/MenuBoard/Resources
  artifactKey: Guid(d18d8bb6c141e5c4bab5e1e5f2cf75a8) Importer(815301076,1909f56bfc062723c751e8b465ee728b)
Start importing Assets/MenuBoard/Resources using Guid(d18d8bb6c141e5c4bab5e1e5f2cf75a8) Importer(815301076,1909f56bfc062723c751e8b465ee728b)  -> (artifact id: '5a96423851c9b3f274731f51fa97c30d') in 0.024811 seconds 
========================================================================
Received Import Request.
  Time since last request: 1.349620 seconds.
  path: Assets/MenuBoard/DemoScene
  artifactKey: Guid(3b2dcdb5e26e24a4fad7a89da12f9177) Importer(815301076,1909f56bfc062723c751e8b465ee728b)
Start importing Assets/MenuBoard/DemoScene using Guid(3b2dcdb5e26e24a4fad7a89da12f9177) Importer(815301076,1909f56bfc062723c751e8b465ee728b)  -> (artifact id: '25f1e20a58116f0b345c72ec202bbcf3') in 0.016401 seconds 
========================================================================
Received Import Request.
  Time since last request: 12.704065 seconds.
  path: Assets/Models
  artifactKey: Guid(58f665ccfeaf26f488a73cf4b505a45b) Importer(815301076,1909f56bfc062723c751e8b465ee728b)
Start importing Assets/Models using Guid(58f665ccfeaf26f488a73cf4b505a45b) Importer(815301076,1909f56bfc062723c751e8b465ee728b)  -> (artifact id: '4971fbf67130b6fe4d9feff74910ec4a') in 0.005937 seconds 
========================================================================
Received Import Request.
  Time since last request: 13.937306 seconds.
  path: Assets/Models/Key/Models
  artifactKey: Guid(22db807377557214aa937d9571ce913f) Importer(815301076,1909f56bfc062723c751e8b465ee728b)
Start importing Assets/Models/Key/Models using Guid(22db807377557214aa937d9571ce913f) Importer(815301076,1909f56bfc062723c751e8b465ee728b)  -> (artifact id: '4ac40c553cc0700117e5bd56abdb330a') in 0.029085 seconds 
========================================================================
Received Import Request.
  Time since last request: 1.725487 seconds.
  path: Assets/Models/Key/Models/Materials
  artifactKey: Guid(016f4ec0aa5c2f7429c77e24f48fd018) Importer(815301076,1909f56bfc062723c751e8b465ee728b)
Start importing Assets/Models/Key/Models/Materials using Guid(016f4ec0aa5c2f7429c77e24f48fd018) Importer(815301076,1909f56bfc062723c751e8b465ee728b)  -> (artifact id: 'fc8b71b5ce1343de03cf26f33866403b') in 0.014439 seconds 
========================================================================
Received Import Request.
  Time since last request: 0.072839 seconds.
  path: Assets/Models/Key/Models/Materials/pPlane3Mat.mat
  artifactKey: Guid(b8ccd868a7c955643bd95f6920d8daa2) Importer(815301076,1909f56bfc062723c751e8b465ee728b)
Start importing Assets/Models/Key/Models/Materials/pPlane3Mat.mat using Guid(b8ccd868a7c955643bd95f6920d8daa2) Importer(815301076,1909f56bfc062723c751e8b465ee728b)  -> (artifact id: '4fafe2a4d768bf23b89227b9a6ffa07e') in 0.039606 seconds 
========================================================================
Received Prepare
Registering precompiled user dll's ...
Registered in 0.006109 seconds.
Begin MonoManager ReloadAssembly
Native extension for WindowsStandalone target not found
Refreshing native plugins compatible for Editor in 1.80 ms, found 2 plugins.
Preloading 0 native plugins for Editor in 0.00 ms.
Mono: successfully reloaded assembly
- Completed reload, in  2.135 seconds
Domain Reload Profiling:
	ReloadAssembly (2136ms)
		BeginReloadAssembly (242ms)
			ExecutionOrderSort (0ms)
			DisableScriptedObjects (10ms)
			BackupInstance (0ms)
			ReleaseScriptingObjects (0ms)
			CreateAndSetChildDomain (65ms)
		EndReloadAssembly (1757ms)
			LoadAssemblies (211ms)
			RebuildTransferFunctionScriptingTraits (0ms)
			SetupTypeCache (536ms)
			ReleaseScriptCaches (1ms)
			RebuildScriptCaches (89ms)
			SetupLoadedEditorAssemblies (687ms)
				LogAssemblyErrors (0ms)
				InitializePlatformSupportModulesInManaged (11ms)
				SetLoadedEditorAssemblies (4ms)
				RefreshPlugins (2ms)
				BeforeProcessingInitializeOnLoad (181ms)
				ProcessInitializeOnLoadAttributes (443ms)
				ProcessInitializeOnLoadMethodAttributes (25ms)
				AfterProcessingInitializeOnLoad (21ms)
				EditorAssembliesLoaded (1ms)
			ExecutionOrderSort2 (0ms)
			AwakeInstancesAfterBackupRestoration (16ms)
Platform modules already initialized, skipping
Refreshing native plugins compatible for Editor in 0.57 ms, found 2 plugins.
Preloading 0 native plugins for Editor in 0.00 ms.
Unloading 1504 Unused Serialized files (Serialized files now loaded: 0)
System memory in use before: 97.7 MB.
System memory in use after: 97.9 MB.

Unloading 11 unused Assets to reduce memory usage. Loaded Objects now: 2034.
Total: 5.674800 ms (FindLiveObjects: 0.459500 ms CreateObjectMapping: 0.114600 ms MarkObjects: 5.056200 ms  DeleteObjects: 0.042700 ms)

AssetImportParameters requested are different than current active one (requested -> active):
  custom:framework-win-MediaFoundation: 216162199b28c13a410421893ffa2e32 -> 
  custom:video-decoder-ogg-theora: a1e56fd34408186e4bbccfd4996cb3dc -> 
  custom:container-muxer-webm: aa71ff27fc2769a1b78a27578f13a17b -> 
  custom:container-demuxer-webm: 4f35f7cbe854078d1ac9338744f61a02 -> 
  custom:container-demuxer-ogg: 62fdf1f143b41e24485cea50d1cbac27 -> 
  custom:video-encoder-webm-vp8: eb34c28f22e8b96e1ab97ce403110664 -> 
  custom:video-decoder-webm-vp8: 9c59270c3fd7afecdb556c50c9e8de78 -> 
  custom:audio-decoder-ogg-vorbis: bf7c407c2cedff20999df2af8eb42d56 -> 
  custom:audio-encoder-webm-vorbis: bf7c407c2cedff20999df2af8eb42d56 -> 
AssetImportWorkerClient::OnTransportError - code=2 error=End of file
